<?xml version="1.0" encoding="UTF-8"?>
<!-- Generated by org.testng.reporters.JUnitXMLReporter -->
<testsuite hostname="PC346939" ignored="0" name="Default test" tests="4" failures="0" timestamp="21 Aug 2017 07:59:59 GMT" time="19.733" errors="0">
  <testcase name="signInHomePage" time="5.396" classname="testCases.BookTicket"/>
  <testcase name="fillFlightFinderPage" time="2.249" classname="testCases.BookTicket"/>
  <testcase name="selectFlight" time="2.939" classname="testCases.BookTicket"/>
  <testcase name="takeScreenshot" time="0.194" classname="testCases.BookTicket"/>
</testsuite> <!-- Default test -->
